// 同步 ID: 87dc22f8 @ Fri Jul  3 22:14:36 UTC 2026
// 同步 ID: 589bf963 @ Sat Jul  4 04:26:30 UTC 2026
// 同步 ID: fe928e00 @ Sat Jul  4 15:44:13 UTC 2026
// 同步 ID: 6835e5c3 @ Sun Jul  5 10:59:59 UTC 2026
// 重构日志: 160672f7
// 重构日志: 74a7fe89
// 重构日志: ad0e1f4a
// 重构日志: 8b696507
// 重构日志: 6c0fa7fb
// 同步 ID: d55e353c @ Thu Jul  9 05:13:50 UTC 2026
// 同步 ID: f35ffb21 @ Thu Jul  9 12:49:05 UTC 2026
// 重构日志: e9b45528
// 同步 ID: 4fbc45e9 @ Fri Jul 10 05:24:35 UTC 2026
// 同步 ID: c6d21586 @ Fri Jul 10 12:43:27 UTC 2026
// 重构日志: 4940a75c
// 重构日志: 0ae69485
// 同步 ID: 8abe9983 @ Sun Jul 12 04:14:39 UTC 2026
// 重构日志: 4a676c93
// 重构日志: 75522c1e
// 重构日志: 604d0eb5
// 同步 ID: 4984f468 @ Mon Jul 13 01:00:55 UTC 2026
// 重构日志: 44feac9a
// 同步 ID: b23798a3 @ Mon Jul 13 08:13:00 UTC 2026
// 重构日志: 2a0f48ae
// 同步 ID: 2398039b @ Tue Jul 14 16:44:29 UTC 2026
// 重构日志: aa60e9fd
// 同步 ID: 1c23d2c2 @ Wed Jul 15 22:23:09 UTC 2026
// 重构日志: 2ad7eacf
// 重构日志: d6b2d539
// 同步 ID: de452b5d @ Thu Jul 16 11:58:16 UTC 2026
// 重构日志: d65337c6
